<?xml version="1.0" encoding="UTF-8"?>
<!-- Generated by org.testng.reporters.JUnitXMLReporter -->
<testsuite ignored="0" hostname="mslwnyn" failures="1" tests="2" name="Create Account: HomePage" time="2.949" errors="0" timestamp="29 Dec 2019 20:01:15 GMT">
  <testcase classname="za.co.tshimx.testcases.BaseClass" name="@AfterTest teardown" time="0.0">
    <failure type="java.lang.NullPointerException">
      <![CDATA[java.lang.NullPointerException
at za.co.tshimx.testcases.BaseClass.teardown(BaseClass.java:51)
... Removed 24 stack frames]]>
    </failure>
  </testcase> <!-- @AfterTest teardown -->
  <testcase classname="za.co.tshimx.testcases.BaseClass" name="sampleTest" time="0.019"/>
  <testcase classname="za.co.tshimx.testcases.Tests" name="testOne" time="0.0">
    <failure type="java.lang.NullPointerException">
      <![CDATA[java.lang.NullPointerException
at za.co.tshimx.testcases.Tests.testOne(Tests.java:12)
... Removed 25 stack frames]]>
    </failure>
  </testcase> <!-- testOne -->
</testsuite> <!-- Create Account: HomePage -->
